#
# There is insufficient memory for the Java Runtime Environment to continue.
# Native memory allocation (malloc) failed to allocate 1286736 bytes for Chunk::new
# Possible reasons:
#   The system is out of physical RAM or swap space
#   The process is running with CompressedOops enabled, and the Java Heap may be blocking the growth of the native heap
# Possible solutions:
#   Reduce memory load on the system
#   Increase physical memory or swap space
#   Check if swap backing store is full
#   Decrease Java heap size (-Xmx/-Xms)
#   Decrease number of Java threads
#   Decrease Java thread stack sizes (-Xss)
#   Set larger code cache with -XX:ReservedCodeCacheSize=
#   JVM is running with Unscaled Compressed Oops mode in which the Java heap is
#     placed in the first 4GB address space. The Java Heap base address is the
#     maximum limit for the native heap growth. Please use -XX:HeapBaseMinAddress
#     to set the Java Heap base and to place the Java Heap above 4GB virtual address.
# This output file may be truncated or incomplete.
#
#  Out of Memory Error (allocation.cpp:389), pid=250244, tid=0x0000000000040164
#
# JRE version: OpenJDK Runtime Environment (8.0_242-b01) (build 1.8.0_242-release-1644-b01)
# Java VM: OpenJDK 64-Bit Server VM (25.242-b01 mixed mode windows-amd64 compressed oops)
# Failed to write core dump. Minidumps are not enabled by default on client versions of Windows
#

---------------  T H R E A D  ---------------

Current thread (0x000000001977e000):  JavaThread "C2 CompilerThread2" daemon [_thread_in_native, id=262500, stack(0x000000001a270000,0x000000001a370000)]

Stack: [0x000000001a270000,0x000000001a370000]
[error occurred during error reporting (printing stack bounds), id 0xc0000005]

Native frames: (J=compiled Java code, j=interpreted, Vv=VM code, C=native code)


Current CompileTask:
C2: 331107 20305 % !   4       com.android.ide.common.resources.DataMerger::mergeData @ 247 (611 bytes)


---------------  P R O C E S S  ---------------

Java Threads: ( => current thread )
  0x000000001ae21000 JavaThread "stdout" [_thread_in_native, id=262104, stack(0x000000002d440000,0x000000002d540000)]
  0x000000001ae20000 JavaThread "stderr" [_thread_in_native, id=231664, stack(0x000000002cf40000,0x000000002d040000)]
  0x000000001ae1e000 JavaThread "pool-18-thread-1" [_thread_blocked, id=248216, stack(0x000000002ce40000,0x000000002cf40000)]
  0x000000001ae14000 JavaThread "WorkerExecutor Queue" [_thread_blocked, id=239500, stack(0x000000002cd40000,0x000000002ce40000)]
  0x000000001ae1b000 JavaThread "Cache worker for execution history cache (C:\Users\e.raggl\AndroidStudioProjects\OpenTaskWorker\.gradle\6.5\executionHistory)" [_thread_blocked, id=261436, stack(0x000000002c740000,0x000000002c840000)]
  0x000000001ae13800 JavaThread "Execution worker for ':' Thread 7" [_thread_blocked, id=258192, stack(0x000000002c640000,0x000000002c740000)]
  0x000000001ae1a000 JavaThread "Execution worker for ':' Thread 6" [_thread_blocked, id=251208, stack(0x000000002c540000,0x000000002c640000)]
  0x000000001ae19800 JavaThread "Execution worker for ':' Thread 5" [_thread_blocked, id=13076, stack(0x000000002c440000,0x000000002c540000)]
  0x000000001ae18000 JavaThread "Execution worker for ':' Thread 4" [_thread_blocked, id=250224, stack(0x000000002c340000,0x000000002c440000)]
  0x000000001ae15000 JavaThread "Execution worker for ':' Thread 3" [_thread_blocked, id=258268, stack(0x000000002c040000,0x000000002c140000)]
  0x000000001ae16800 JavaThread "Execution worker for ':' Thread 2" [_thread_blocked, id=256180, stack(0x000000002baf0000,0x000000002bbf0000)]
  0x000000001ae17000 JavaThread "Execution worker for ':'" [_thread_blocked, id=261568, stack(0x000000002b7f0000,0x000000002b8f0000)]
  0x000000001ae12800 JavaThread "Cache worker for file content cache (C:\Users\e.raggl\AndroidStudioProjects\OpenTaskWorker\.gradle\6.5\fileContent)" [_thread_blocked, id=258688, stack(0x0000000029790000,0x0000000029890000)]
  0x000000002a73e800 JavaThread "Cache worker for Build Output Cleanup Cache (C:\Users\e.raggl\AndroidStudioProjects\OpenTaskWorker\.gradle\buildOutputCleanup)" [_thread_blocked, id=237364, stack(0x0000000029690000,0x0000000029790000)]
  0x000000002a743000 JavaThread "Build operations Thread 8" [_thread_blocked, id=249556, stack(0x00000000236b0000,0x00000000237b0000)]
  0x000000002a742000 JavaThread "Build operations Thread 7" [_thread_blocked, id=259008, stack(0x00000000235b0000,0x00000000236b0000)]
  0x000000002a743800 JavaThread "Build operations Thread 6" [_thread_blocked, id=258708, stack(0x00000000234b0000,0x00000000235b0000)]
  0x000000002a740800 JavaThread "Build operations Thread 5" [_thread_blocked, id=261492, stack(0x00000000233b0000,0x00000000234b0000)]
  0x000000002a741800 JavaThread "Build operations Thread 4" [_thread_blocked, id=261484, stack(0x00000000232b0000,0x00000000233b0000)]
  0x000000002a73f000 JavaThread "Build operations Thread 3" [_thread_blocked, id=262688, stack(0x00000000231b0000,0x00000000232b0000)]
  0x000000002a73a000 JavaThread "Build operations Thread 2" [_thread_blocked, id=262664, stack(0x00000000229b0000,0x0000000022ab0000)]
  0x000000002a740000 JavaThread "Build operations" [_thread_blocked, id=257948, stack(0x00000000221b0000,0x00000000222b0000)]
  0x000000002a737000 JavaThread "Cache worker for cache directory md-rule (C:\Users\e.raggl\.gradle\caches\6.5\md-rule)" [_thread_blocked, id=263028, stack(0x00000000220b0000,0x00000000221b0000)]
  0x000000002a73d800 JavaThread "Cache worker for cache directory md-supplier (C:\Users\e.raggl\.gradle\caches\6.5\md-supplier)" [_thread_blocked, id=258752, stack(0x0000000020d60000,0x0000000020e60000)]
  0x000000002a738800 JavaThread "Cache worker for checksums cache (C:\Users\e.raggl\AndroidStudioProjects\OpenTaskWorker\.gradle\checksums)" [_thread_blocked, id=251756, stack(0x0000000020a60000,0x0000000020b60000)]
  0x000000002a73c000 JavaThread "Cache worker for file hash cache (C:\Users\e.raggl\AndroidStudioProjects\OpenTaskWorker\.gradle\6.5\fileHashes)" [_thread_blocked, id=248976, stack(0x000000001e2c0000,0x000000001e3c0000)]
  0x000000002a736000 JavaThread "Thread-524" [_thread_blocked, id=258840, stack(0x000000001dfc0000,0x000000001e0c0000)]
  0x000000002a737800 JavaThread "Stdin handler" [_thread_blocked, id=236840, stack(0x000000001ddc0000,0x000000001dec0000)]
  0x000000002a73d000 JavaThread "Asynchronous log dispatcher for DefaultDaemonConnection: socket connection from /127.0.0.1:56168 to /127.0.0.1:56398" [_thread_blocked, id=262384, stack(0x000000001dcc0000,0x000000001ddc0000)]
  0x000000002a735800 JavaThread "Cancel handler" [_thread_blocked, id=247524, stack(0x0000000000d40000,0x0000000000e40000)]
  0x000000002a73b800 JavaThread "Handler for socket connection from /127.0.0.1:56168 to /127.0.0.1:56398" [_thread_in_native, id=9996, stack(0x0000000000c40000,0x0000000000d40000)]
  0x000000001ae1d000 JavaThread "ForkJoinPool.commonPool-worker-1" daemon [_thread_blocked, id=262588, stack(0x000000002fbf0000,0x000000002fcf0000)]
  0x000000001ae15800 JavaThread "ForkJoinPool.commonPool-worker-0" daemon [_thread_blocked, id=13420, stack(0x000000002faf0000,0x000000002fbf0000)]
  0x000000001ae1c800 JavaThread "ForkJoinPool.commonPool-worker-6" daemon [_thread_blocked, id=243432, stack(0x000000002f4f0000,0x000000002f5f0000)]
  0x00000000298fd800 JavaThread "jar transforms Thread 276" [_thread_blocked, id=258972, stack(0x0000000029590000,0x0000000029690000)]
  0x00000000298f6000 JavaThread "jar transforms Thread 275" [_thread_blocked, id=250608, stack(0x0000000029490000,0x0000000029590000)]
  0x00000000298fd000 JavaThread "jar transforms Thread 274" [_thread_blocked, id=259884, stack(0x0000000029390000,0x0000000029490000)]
  0x00000000298f8800 JavaThread "jar transforms Thread 273" [_thread_blocked, id=10480, stack(0x0000000029290000,0x0000000029390000)]
  0x00000000298fb800 JavaThread "jar transforms Thread 272" [_thread_blocked, id=262656, stack(0x0000000029190000,0x0000000029290000)]
  0x00000000298fa800 JavaThread "jar transforms Thread 271" [_thread_blocked, id=7188, stack(0x0000000029090000,0x0000000029190000)]
  0x00000000298fc000 JavaThread "jar transforms Thread 270" [_thread_blocked, id=257684, stack(0x0000000028f90000,0x0000000029090000)]
  0x00000000298f7800 JavaThread "jar transforms Thread 269" [_thread_blocked, id=260652, stack(0x0000000028e90000,0x0000000028f90000)]
  0x00000000298fa000 JavaThread "jar transforms Thread 268" [_thread_blocked, id=263044, stack(0x0000000028d90000,0x0000000028e90000)]
  0x000000001c5ac800 JavaThread "jar transforms Thread 267" [_thread_blocked, id=262128, stack(0x0000000028c90000,0x0000000028d90000)]
  0x000000001c5ab800 JavaThread "jar transforms Thread 266" [_thread_blocked, id=254768, stack(0x0000000028b90000,0x0000000028c90000)]
  0x000000001c5a9800 JavaThread "jar transforms Thread 265" [_thread_blocked, id=258908, stack(0x00000000287b0000,0x00000000288b0000)]
  0x000000001c5a8800 JavaThread "jar transforms Thread 264" [_thread_blocked, id=236356, stack(0x00000000286b0000,0x00000000287b0000)]
  0x000000001c5a7000 JavaThread "jar transforms Thread 263" [_thread_blocked, id=260060, stack(0x00000000285b0000,0x00000000286b0000)]
  0x0000000021c40000 JavaThread "jar transforms Thread 262" [_thread_blocked, id=250044, stack(0x00000000284b0000,0x00000000285b0000)]
  0x0000000021c3f800 JavaThread "jar transforms Thread 261" [_thread_blocked, id=263080, stack(0x00000000283b0000,0x00000000284b0000)]
  0x0000000021c46000 JavaThread "jar transforms Thread 260" [_thread_blocked, id=253504, stack(0x00000000282b0000,0x00000000283b0000)]
  0x0000000021c45800 JavaThread "jar transforms Thread 259" [_thread_blocked, id=262756, stack(0x00000000281b0000,0x00000000282b0000)]
  0x0000000021c41000 JavaThread "jar transforms Thread 258" [_thread_blocked, id=261960, stack(0x00000000280b0000,0x00000000281b0000)]
  0x0000000021c44800 JavaThread "jar transforms Thread 257" [_thread_blocked, id=47872, stack(0x0000000027fb0000,0x00000000280b0000)]
  0x0000000021c42800 JavaThread "jar transforms Thread 256" [_thread_blocked, id=261520, stack(0x0000000027eb0000,0x0000000027fb0000)]
  0x0000000021c43000 JavaThread "jar transforms Thread 255" [_thread_blocked, id=253556, stack(0x0000000027db0000,0x0000000027eb0000)]
  0x0000000021c44000 JavaThread "jar transforms Thread 254" [_thread_blocked, id=261928, stack(0x0000000027cb0000,0x0000000027db0000)]
  0x0000000020f1a000 JavaThread "jar transforms Thread 253" [_thread_blocked, id=251292, stack(0x0000000027bb0000,0x0000000027cb0000)]
  0x0000000020f1c800 JavaThread "jar transforms Thread 252" [_thread_blocked, id=237160, stack(0x0000000027ab0000,0x0000000027bb0000)]
  0x0000000020f19800 JavaThread "jar transforms Thread 251" [_thread_blocked, id=252040, stack(0x00000000279b0000,0x0000000027ab0000)]
  0x0000000020f1e000 JavaThread "jar transforms Thread 250" [_thread_blocked, id=258172, stack(0x00000000278b0000,0x00000000279b0000)]
  0x0000000020f18000 JavaThread "jar transforms Thread 249" [_thread_blocked, id=259012, stack(0x00000000277b0000,0x00000000278b0000)]
  0x0000000020f1d000 JavaThread "jar transforms Thread 248" [_thread_blocked, id=261512, stack(0x00000000276b0000,0x00000000277b0000)]
  0x0000000020f10800 JavaThread "jar transforms Thread 247" [_thread_blocked, id=258228, stack(0x00000000275b0000,0x00000000276b0000)]
  0x0000000020f12000 JavaThread "jar transforms Thread 246" [_thread_blocked, id=231492, stack(0x00000000274b0000,0x00000000275b0000)]
  0x0000000020f15000 JavaThread "jar transforms Thread 245" [_thread_blocked, id=258740, stack(0x00000000273b0000,0x00000000274b0000)]
  0x0000000020f14000 JavaThread "jar transforms Thread 244" [_thread_blocked, id=262432, stack(0x00000000272b0000,0x00000000273b0000)]
  0x0000000020f13800 JavaThread "jar transforms Thread 243" [_thread_blocked, id=254216, stack(0x00000000271b0000,0x00000000272b0000)]
  0x0000000020f17000 JavaThread "jar transforms Thread 242" [_thread_blocked, id=259440, stack(0x00000000270b0000,0x00000000271b0000)]
  0x0000000020f11000 JavaThread "jar transforms Thread 241" [_thread_blocked, id=261324, stack(0x0000000026fb0000,0x00000000270b0000)]
  0x0000000020f15800 JavaThread "jar transforms Thread 240" [_thread_blocked, id=263084, stack(0x0000000026eb0000,0x0000000026fb0000)]
  0x000000001b951000 JavaThread "jar transforms Thread 239" [_thread_blocked, id=8964, stack(0x0000000026db0000,0x0000000026eb0000)]
  0x000000001b954000 JavaThread "jar transforms Thread 238" [_thread_blocked, id=262200, stack(0x0000000026cb0000,0x0000000026db0000)]
  0x000000001b953800 JavaThread "jar transforms Thread 237" [_thread_blocked, id=262416, stack(0x0000000026bb0000,0x0000000026cb0000)]
  0x000000001b955000 JavaThread "jar transforms Thread 236" [_thread_blocked, id=240980, stack(0x0000000026ab0000,0x0000000026bb0000)]
  0x000000001b952000 JavaThread "jar transforms Thread 235" [_thread_blocked, id=259936, stack(0x00000000269b0000,0x0000000026ab0000)]
  0x000000001b952800 JavaThread "jar transforms Thread 234" [_thread_blocked, id=250996, stack(0x00000000268b0000,0x00000000269b0000)]
  0x000000001b949800 JavaThread "jar transforms Thread 233" [_thread_blocked, id=250456, stack(0x00000000267b0000,0x00000000268b0000)]
  0x000000001b950800 JavaThread "jar transforms Thread 232" [_thread_blocked, id=250264, stack(0x00000000266b0000,0x00000000267b0000)]
  0x000000001b94f800 JavaThread "jar transforms Thread 231" [_thread_blocked, id=262888, stack(0x00000000265b0000,0x00000000266b0000)]
  0x000000001b94f000 JavaThread "jar transforms Thread 230" [_thread_blocked, id=256504, stack(0x00000000264b0000,0x00000000265b0000)]
  0x000000001b94e000 JavaThread "jar transforms Thread 229" [_thread_blocked, id=259688, stack(0x00000000263b0000,0x00000000264b0000)]
  0x000000001b946800 JavaThread "jar transforms Thread 228" [_thread_blocked, id=263136, stack(0x00000000262b0000,0x00000000263b0000)]
  0x000000001b94d800 JavaThread "jar transforms Thread 227" [_thread_blocked, id=12604, stack(0x00000000261b0000,0x00000000262b0000)]
  0x000000001b946000 JavaThread "jar transforms Thread 226" [_thread_blocked, id=234204, stack(0x00000000260b0000,0x00000000261b0000)]
  0x000000001b949000 JavaThread "jar transforms Thread 225" [_thread_blocked, id=262596, stack(0x0000000025fb0000,0x00000000260b0000)]
  0x000000001b94c000 JavaThread "jar transforms Thread 224" [_thread_blocked, id=261752, stack(0x0000000025eb0000,0x0000000025fb0000)]
  0x000000001f276800 JavaThread "jar transforms Thread 223" [_thread_blocked, id=247580, stack(0x0000000025db0000,0x0000000025eb0000)]
  0x000000001f279800 JavaThread "jar transforms Thread 222" [_thread_blocked, id=7324, stack(0x0000000025cb0000,0x0000000025db0000)]
  0x000000001f278800 JavaThread "jar transforms Thread 221" [_thread_blocked, id=6288, stack(0x0000000025bb0000,0x0000000025cb0000)]
  0x000000001f275800 JavaThread "jar transforms Thread 220" [_thread_blocked, id=251924, stack(0x0000000025ab0000,0x0000000025bb0000)]
  0x000000001f273800 JavaThread "jar transforms Thread 219" [_thread_blocked, id=262856, stack(0x00000000259b0000,0x0000000025ab0000)]
  0x000000001f275000 JavaThread "jar transforms Thread 218" [_thread_blocked, id=63364, stack(0x00000000258b0000,0x00000000259b0000)]
  0x000000001f278000 JavaThread "jar transforms Thread 217" [_thread_blocked, id=250480, stack(0x00000000257b0000,0x00000000258b0000)]
  0x000000001f277000 JavaThread "jar transforms Thread 216" [_thread_blocked, id=248092, stack(0x00000000256b0000,0x00000000257b0000)]
  0x000000001f274000 JavaThread "jar transforms Thread 215" [_thread_blocked, id=250156, stack(0x00000000255b0000,0x00000000256b0000)]
  0x000000001f26c000 JavaThread "jar transforms Thread 214" [_thread_blocked, id=258644, stack(0x00000000254b0000,0x00000000255b0000)]
  0x000000001f26f000 JavaThread "jar transforms Thread 213" [_thread_blocked, id=250240, stack(0x00000000253b0000,0x00000000254b0000)]
  0x000000001f272800 JavaThread "jar transforms Thread 212" [_thread_blocked, id=13324, stack(0x00000000252b0000,0x00000000253b0000)]
  0x000000001f26d800 JavaThread "jar transforms Thread 211" [_thread_blocked, id=254660, stack(0x00000000251b0000,0x00000000252b0000)]
  0x000000001f26b000 JavaThread "jar transforms Thread 210" [_thread_blocked, id=256792, stack(0x00000000250b0000,0x00000000251b0000)]
  0x000000001f270800 JavaThread "jar transforms Thread 209" [_thread_blocked, id=261368, stack(0x0000000024fb0000,0x00000000250b0000)]
  0x000000001f26c800 JavaThread "jar transforms Thread 208" [_thread_blocked, id=261248, stack(0x0000000024eb0000,0x0000000024fb0000)]
  0x000000001f272000 JavaThread "jar transforms Thread 207" [_thread_blocked, id=261264, stack(0x0000000024db0000,0x0000000024eb0000)]
  0x000000001f271000 JavaThread "jar transforms Thread 206" [_thread_blocked, id=261412, stack(0x0000000024cb0000,0x0000000024db0000)]
  0x0000000029a22000 JavaThread "jar transforms Thread 205" [_thread_blocked, id=261372, stack(0x0000000024bb0000,0x0000000024cb0000)]
  0x0000000029a21000 JavaThread "jar transforms Thread 204" [_thread_blocked, id=261364, stack(0x0000000024ab0000,0x0000000024bb0000)]
  0x0000000029a20800 JavaThread "jar transforms Thread 203" [_thread_blocked, id=261416, stack(0x00000000249b0000,0x0000000024ab0000)]
  0x0000000029a1f000 JavaThread "jar transforms Thread 202" [_thread_blocked, id=261204, stack(0x00000000248b0000,0x00000000249b0000)]
  0x0000000029a1e000 JavaThread "jar transforms Thread 201" [_thread_blocked, id=261240, stack(0x00000000247b0000,0x00000000248b0000)]
  0x0000000029a16800 JavaThread "jar transforms Thread 200" [_thread_blocked, id=261392, stack(0x00000000246b0000,0x00000000247b0000)]
  0x0000000029a1d800 JavaThread "jar transforms Thread 199" [_thread_blocked, id=261196, stack(0x00000000245b0000,0x00000000246b0000)]
  0x0000000029a16000 JavaThread "jar transforms Thread 198" [_thread_blocked, id=261388, stack(0x00000000244b0000,0x00000000245b0000)]
  0x0000000029a1c800 JavaThread "jar transforms Thread 197" [_thread_blocked, id=261152, stack(0x00000000243b0000,0x00000000244b0000)]
  0x0000000029a15000 JavaThread "jar transforms Thread 196" [_thread_blocked, id=261420, stack(0x00000000242b0000,0x00000000243b0000)]
  0x0000000029a1c000 JavaThread "jar transforms Thread 195" [_thread_blocked, id=261408, stack(0x00000000241b0000,0x00000000242b0000)]
  0x0000000029a1b000 JavaThread "jar transforms Thread 194" [_thread_blocked, id=261208, stack(0x00000000240b0000,0x00000000241b0000)]
  0x0000000029a13800 JavaThread "jar transforms Thread 193" [_thread_blocked, id=258956, stack(0x0000000023fb0000,0x00000000240b0000)]
  0x0000000029a1a800 JavaThread "jar transforms Thread 192" [_thread_blocked, id=262400, stack(0x0000000023eb0000,0x0000000023fb0000)]
  0x0000000029a19800 JavaThread "jar transforms Thread 191" [_thread_blocked, id=257476, stack(0x0000000023db0000,0x0000000023eb0000)]
  0x0000000029a17800 JavaThread "jar transforms Thread 190" [_thread_blocked, id=262784, stack(0x0000000023cb0000,0x0000000023db0000)]
  0x0000000029a18000 JavaThread "jar transforms Thread 189" [_thread_blocked, id=252604, stack(0x0000000023bb0000,0x0000000023cb0000)]
  0x0000000029a13000 JavaThread "jar transforms Thread 188" [_thread_blocked, id=255824, stack(0x0000000023ab0000,0x0000000023bb0000)]
  0x0000000029a19000 JavaThread "jar transforms Thread 187" [_thread_blocked, id=257240, stack(0x00000000239b0000,0x0000000023ab0000)]
  0x0000000029a14800 JavaThread "jar transforms Thread 186" [_thread_blocked, id=259000, stack(0x00000000238b0000,0x00000000239b0000)]
  0x00000000201e7800 JavaThread "jar transforms Thread 185" [_thread_blocked, id=258400, stack(0x00000000237b0000,0x00000000238b0000)]
  0x00000000201d9000 JavaThread "Daemon worker Thread 3" [_thread_blocked, id=260496, stack(0x000000001dbc0000,0x000000001dcc0000)]
  0x00000000201df000 JavaThread "Daemon Thread 3" [_thread_blocked, id=262256, stack(0x0000000000b40000,0x0000000000c40000)]
  0x0000000020f1f800 JavaThread "Cache worker for Java compile cache (C:\Users\e.raggl\.gradle\caches\6.5\javaCompile)" [_thread_blocked, id=262160, stack(0x000000002d670000,0x000000002d770000)]
  0x00000000201e8000 JavaThread "Memory manager" [_thread_blocked, id=225544, stack(0x000000002aea0000,0x000000002afa0000)]
  0x000000001c5ab000 JavaThread "Cache worker for file content cache (C:\Users\e.raggl\.gradle\caches\6.5\fileContent)" [_thread_blocked, id=257200, stack(0x0000000022ab0000,0x0000000022bb0000)]
  0x000000001c5aa000 JavaThread "Cache worker for execution history cache (C:\Users\e.raggl\.gradle\caches\6.5\executionHistory)" [_thread_blocked, id=255112, stack(0x00000000222b0000,0x00000000223b0000)]
  0x000000001c5a8000 JavaThread "Cache worker for file hash cache (C:\Users\e.raggl\.gradle\caches\6.5\fileHashes)" [_thread_blocked, id=257520, stack(0x000000001e7c0000,0x000000001e8c0000)]
  0x000000001c5a6800 JavaThread "File lock request listener" [_thread_in_native, id=258012, stack(0x000000001e6c0000,0x000000001e7c0000)]
  0x000000001c4b0000 JavaThread "Cache worker for journal cache (C:\Users\e.raggl\.gradle\caches\journal-1)" [_thread_blocked, id=261924, stack(0x000000001e5c0000,0x000000001e6c0000)]
  0x000000001c342800 JavaThread "Daemon periodic checks" [_thread_blocked, id=263008, stack(0x000000001d8c0000,0x000000001d9c0000)]
  0x000000001c320800 JavaThread "Incoming local TCP Connector on port 56168" [_thread_in_native, id=262728, stack(0x000000001d650000,0x000000001d750000)]
  0x000000001c257800 JavaThread "Daemon health stats" [_thread_blocked, id=262764, stack(0x000000001d010000,0x000000001d110000)]
  0x0000000019813000 JavaThread "Service Thread" daemon [_thread_blocked, id=262368, stack(0x000000001a470000,0x000000001a570000)]
  0x0000000019782000 JavaThread "C1 CompilerThread3" daemon [_thread_blocked, id=262148, stack(0x000000001a370000,0x000000001a470000)]
=>0x000000001977e000 JavaThread "C2 CompilerThread2" daemon [_thread_in_native, id=262500, stack(0x000000001a270000,0x000000001a370000)]
  0x0000000019776000 JavaThread "C2 CompilerThread1" daemon [_thread_blocked, id=258548, stack(0x000000001a170000,0x000000001a270000)]
  0x0000000019772000 JavaThread "C2 CompilerThread0" daemon [_thread_blocked, id=255096, stack(0x000000001a070000,0x000000001a170000)]
  0x0000000019771000 JavaThread "Attach Listener" daemon [_thread_blocked, id=262540, stack(0x0000000019f70000,0x000000001a070000)]
  0x0000000019770000 JavaThread "Signal Dispatcher" daemon [_thread_blocked, id=262476, stack(0x0000000019e70000,0x0000000019f70000)]
  0x0000000017982800 JavaThread "Finalizer" daemon [_thread_blocked, id=262568, stack(0x0000000019c40000,0x0000000019d40000)]
  0x000000001797b800 JavaThread "Reference Handler" daemon [_thread_blocked, id=262560, stack(0x0000000019b40000,0x0000000019c40000)]
  0x0000000002812800 JavaThread "main" [_thread_blocked, id=262516, stack(0x0000000002710000,0x0000000002810000)]

Other Threads:
  0x0000000017977000 VMThread [stack: 0x0000000019640000,0x0000000019740000] [id=262336]
  0x00000000197de000 WatcherThread [stack: 0x000000001a570000,0x000000001a670000] [id=261312]

VM state:not at safepoint (normal execution)

VM Mutex/Monitor currently owned by a thread: None

heap address: 0x0000000080000000, size: 2048 MB, Compressed Oops mode: 32-bit
Narrow klass base: 0x0000000000000000, Narrow klass shift: 3
Compressed class space size: 1073741824 Address: 0x0000000100000000

Heap:
 PSYoungGen      total 527872K, used 282615K [0x00000000d5580000, 0x0000000100000000, 0x0000000100000000)
  eden space 490496K, 54% used [0x00000000d5580000,0x00000000e5c2a718,0x00000000f3480000)
  from space 37376K, 36% used [0x00000000f3480000,0x00000000f41d3570,0x00000000f5900000)
  to   space 36352K, 0% used [0x00000000fdc80000,0x00000000fdc80000,0x0000000100000000)
 ParOldGen       total 424448K, used 54665K [0x0000000080000000, 0x0000000099e80000, 0x00000000d5580000)
  object space 424448K, 12% used [0x0000000080000000,0x0000000083562488,0x0000000099e80000)
 Metaspace       used 95160K, capacity 100916K, committed 101656K, reserved 1136640K
  class space    used 12316K, capacity 13308K, committed 13608K, reserved 1048576K

Card table byte_map: [0x0000000011cd0000,0x00000000120e0000] byte_map_base: 0x00000000118d0000

Marking Bits: (ParMarkBitMap*) 0x000000006074f030
 Begin Bits: [0x0000000012b90000, 0x0000000014b90000)
 End Bits:   [0x0000000014b90000, 0x0000000016b90000)

Polling page: 0x0000000000940000

CodeCache: size=245760Kb used=56480Kb max_used=56504Kb free=189279Kb
 bounds [0x0000000002910000, 0x0000000006090000, 0x0000000011910000]
 total_blobs=17536 nmethods=16660 adapters=786
 compilation: enabled

Compilation events (10 events):
Event: 330.979 Thread 0x0000000019776000 nmethod 20339 0x00000000060586d0 code [0x0000000006058840, 0x00000000060592c8]
Event: 330.979 Thread 0x0000000019776000 20335       4       org.gradle.api.internal.file.AbstractFileCollection::visitStructure (19 bytes)
Event: 330.979 Thread 0x0000000019776000 nmethod 20335 0x0000000006048f50 code [0x00000000060490a0, 0x0000000006049158]
Event: 330.979 Thread 0x0000000019776000 20332       4       java.lang.ClassLoader::getSystemClassLoader (32 bytes)
Event: 330.981 Thread 0x0000000019776000 nmethod 20332 0x0000000006059b90 code [0x0000000006059ce0, 0x0000000006059f78]
Event: 330.981 Thread 0x0000000019776000 20272       4       com.sun.org.apache.xerces.internal.dom.NamedNodeMapImpl::getNamedItem (32 bytes)
Event: 330.984 Thread 0x0000000019776000 nmethod 20272 0x000000000605ad10 code [0x000000000605aea0, 0x000000000605b478]
Event: 330.984 Thread 0x0000000019776000 20317       4       com.sun.org.apache.xerces.internal.dom.NodeImpl::isReadOnly (15 bytes)
Event: 330.985 Thread 0x0000000019776000 nmethod 20317 0x0000000005fa7750 code [0x0000000005fa7880, 0x0000000005fa78f8]
Event: 331.040 Thread 0x0000000019772000 nmethod 20334 0x000000000606fb50 code [0x00000000060702e0, 0x00000000060753b8]

GC Heap History (10 events):
Event: 28.007 GC heap before
{Heap before GC invocations=13 (full 3):
 PSYoungGen      total 380928K, used 380915K [0x00000000d5580000, 0x00000000f0300000, 0x0000000100000000)
  eden space 356352K, 100% used [0x00000000d5580000,0x00000000eb180000,0x00000000eb180000)
  from space 24576K, 99% used [0x00000000eb180000,0x00000000ec97cc80,0x00000000ec980000)
  to   space 32256K, 0% used [0x00000000ee380000,0x00000000ee380000,0x00000000f0300000)
 ParOldGen       total 333312K, used 47168K [0x0000000080000000, 0x0000000094580000, 0x00000000d5580000)
  object space 333312K, 14% used [0x0000000080000000,0x0000000082e10270,0x0000000094580000)
 Metaspace       used 92064K, capacity 97962K, committed 98200K, reserved 1134592K
  class space    used 12335K, capacity 13387K, committed 13480K, reserved 1048576K
Event: 28.042 GC heap after
Heap after GC invocations=13 (full 3):
 PSYoungGen      total 400384K, used 32253K [0x00000000d5580000, 0x00000000f3180000, 0x0000000100000000)
  eden space 368128K, 0% used [0x00000000d5580000,0x00000000d5580000,0x00000000ebd00000)
  from space 32256K, 99% used [0x00000000ee380000,0x00000000f02ff768,0x00000000f0300000)
  to   space 39424K, 0% used [0x00000000ebd00000,0x00000000ebd00000,0x00000000ee380000)
 ParOldGen       total 333312K, used 55235K [0x0000000080000000, 0x0000000094580000, 0x00000000d5580000)
  object space 333312K, 16% used [0x0000000080000000,0x00000000835f0c78,0x0000000094580000)
 Metaspace       used 92064K, capacity 97962K, committed 98200K, reserved 1134592K
  class space    used 12335K, capacity 13387K, committed 13480K, reserved 1048576K
}
Event: 28.138 GC heap before
{Heap before GC invocations=14 (full 3):
 PSYoungGen      total 400384K, used 44821K [0x00000000d5580000, 0x00000000f3180000, 0x0000000100000000)
  eden space 368128K, 3% used [0x00000000d5580000,0x00000000d61c5d20,0x00000000ebd00000)
  from space 32256K, 99% used [0x00000000ee380000,0x00000000f02ff768,0x00000000f0300000)
  to   space 39424K, 0% used [0x00000000ebd00000,0x00000000ebd00000,0x00000000ee380000)
 ParOldGen       total 333312K, used 55235K [0x0000000080000000, 0x0000000094580000, 0x00000000d5580000)
  object space 333312K, 16% used [0x0000000080000000,0x00000000835f0c78,0x0000000094580000)
 Metaspace       used 92662K, capacity 98572K, committed 98600K, reserved 1134592K
  class space    used 12428K, capacity 13480K, committed 13480K, reserved 1048576K
Event: 28.154 GC heap after
Heap after GC invocations=14 (full 3):
 PSYoungGen      total 407552K, used 20004K [0x00000000d5580000, 0x00000000f8200000, 0x0000000100000000)
  eden space 368128K, 0% used [0x00000000d5580000,0x00000000d5580000,0x00000000ebd00000)
  from space 39424K, 50% used [0x00000000ebd00000,0x00000000ed089378,0x00000000ee380000)
  to   space 37888K, 0% used [0x00000000f5d00000,0x00000000f5d00000,0x00000000f8200000)
 ParOldGen       total 333312K, used 66450K [0x0000000080000000, 0x0000000094580000, 0x00000000d5580000)
  object space 333312K, 19% used [0x0000000080000000,0x00000000840e4b08,0x0000000094580000)
 Metaspace       used 92662K, capacity 98572K, committed 98600K, reserved 1134592K
  class space    used 12428K, capacity 13480K, committed 13480K, reserved 1048576K
}
Event: 28.154 GC heap before
{Heap before GC invocations=15 (full 4):
 PSYoungGen      total 407552K, used 20004K [0x00000000d5580000, 0x00000000f8200000, 0x0000000100000000)
  eden space 368128K, 0% used [0x00000000d5580000,0x00000000d5580000,0x00000000ebd00000)
  from space 39424K, 50% used [0x00000000ebd00000,0x00000000ed089378,0x00000000ee380000)
  to   space 37888K, 0% used [0x00000000f5d00000,0x00000000f5d00000,0x00000000f8200000)
 ParOldGen       total 333312K, used 66450K [0x0000000080000000, 0x0000000094580000, 0x00000000d5580000)
  object space 333312K, 19% used [0x0000000080000000,0x00000000840e4b08,0x0000000094580000)
 Metaspace       used 92662K, capacity 98572K, committed 98600K, reserved 1134592K
  class space    used 12428K, capacity 13480K, committed 13480K, reserved 1048576K
Event: 28.314 GC heap after
Heap after GC invocations=15 (full 4):
 PSYoungGen      total 407552K, used 0K [0x00000000d5580000, 0x00000000f8200000, 0x0000000100000000)
  eden space 368128K, 0% used [0x00000000d5580000,0x00000000d5580000,0x00000000ebd00000)
  from space 39424K, 0% used [0x00000000ebd00000,0x00000000ebd00000,0x00000000ee380000)
  to   space 37888K, 0% used [0x00000000f5d00000,0x00000000f5d00000,0x00000000f8200000)
 ParOldGen       total 424448K, used 53915K [0x0000000080000000, 0x0000000099e80000, 0x00000000d5580000)
  object space 424448K, 12% used [0x0000000080000000,0x00000000834a6e88,0x0000000099e80000)
 Metaspace       used 91613K, capacity 95918K, committed 98600K, reserved 1134592K
  class space    used 12061K, capacity 12827K, committed 13480K, reserved 1048576K
}
Event: 168.110 GC heap before
{Heap before GC invocations=16 (full 4):
 PSYoungGen      total 407552K, used 368128K [0x00000000d5580000, 0x00000000f8200000, 0x0000000100000000)
  eden space 368128K, 100% used [0x00000000d5580000,0x00000000ebd00000,0x00000000ebd00000)
  from space 39424K, 0% used [0x00000000ebd00000,0x00000000ebd00000,0x00000000ee380000)
  to   space 37888K, 0% used [0x00000000f5d00000,0x00000000f5d00000,0x00000000f8200000)
 ParOldGen       total 424448K, used 53915K [0x0000000080000000, 0x0000000099e80000, 0x00000000d5580000)
  object space 424448K, 12% used [0x0000000080000000,0x00000000834a6e88,0x0000000099e80000)
 Metaspace       used 93113K, capacity 97910K, committed 99864K, reserved 1136640K
  class space    used 12156K, capacity 13039K, committed 13608K, reserved 1048576K
Event: 168.124 GC heap after
Heap after GC invocations=16 (full 4):
 PSYoungGen      total 523776K, used 10281K [0x00000000d5580000, 0x00000000f7d80000, 0x0000000100000000)
  eden space 490496K, 0% used [0x00000000d5580000,0x00000000d5580000,0x00000000f3480000)
  from space 33280K, 30% used [0x00000000f5d00000,0x00000000f670a538,0x00000000f7d80000)
  to   space 37376K, 0% used [0x00000000f3480000,0x00000000f3480000,0x00000000f5900000)
 ParOldGen       total 424448K, used 53923K [0x0000000080000000, 0x0000000099e80000, 0x00000000d5580000)
  object space 424448K, 12% used [0x0000000080000000,0x00000000834a8e88,0x0000000099e80000)
 Metaspace       used 93113K, capacity 97910K, committed 99864K, reserved 1136640K
  class space    used 12156K, capacity 13039K, committed 13608K, reserved 1048576K
}
Event: 309.591 GC heap before
{Heap before GC invocations=17 (full 4):
 PSYoungGen      total 523776K, used 500777K [0x00000000d5580000, 0x00000000f7d80000, 0x0000000100000000)
  eden space 490496K, 100% used [0x00000000d5580000,0x00000000f3480000,0x00000000f3480000)
  from space 33280K, 30% used [0x00000000f5d00000,0x00000000f670a538,0x00000000f7d80000)
  to   space 37376K, 0% used [0x00000000f3480000,0x00000000f3480000,0x00000000f5900000)
 ParOldGen       total 424448K, used 53923K [0x0000000080000000, 0x0000000099e80000, 0x00000000d5580000)
  object space 424448K, 12% used [0x0000000080000000,0x00000000834a8e88,0x0000000099e80000)
 Metaspace       used 94138K, capacity 99174K, committed 100632K, reserved 1136640K
  class space    used 12208K, capacity 13115K, committed 13608K, reserved 1048576K
Event: 309.617 GC heap after
Heap after GC invocations=17 (full 4):
 PSYoungGen      total 527872K, used 13645K [0x00000000d5580000, 0x0000000100000000, 0x0000000100000000)
  eden space 490496K, 0% used [0x00000000d5580000,0x00000000d5580000,0x00000000f3480000)
  from space 37376K, 36% used [0x00000000f3480000,0x00000000f41d3570,0x00000000f5900000)
  to   space 36352K, 0% used [0x00000000fdc80000,0x00000000fdc80000,0x0000000100000000)
 ParOldGen       total 424448K, used 54665K [0x0000000080000000, 0x0000000099e80000, 0x00000000d5580000)
  object space 424448K, 12% used [0x0000000080000000,0x0000000083562488,0x0000000099e80000)
 Metaspace       used 94138K, capacity 99174K, committed 100632K, reserved 1136640K
  class space    used 12208K, capacity 13115K, committed 13608K, reserved 1048576K
}

Deoptimization events (10 events):
Event: 310.162 Thread 0x000000001ae21800 Uncommon trap: reason=array_check action=maybe_recompile pc=0x00000000051cfd54 method=java.util.TimSort.mergeHi(IIII)V @ 101
Event: 310.162 Thread 0x000000001ae21800 Uncommon trap: reason=array_check action=maybe_recompile pc=0x00000000051acf98 method=java.util.TimSort.mergeLo(IIII)V @ 81
Event: 310.191 Thread 0x000000001ae1e000 Uncommon trap: reason=array_check action=maybe_recompile pc=0x0000000005b6a858 method=java.util.TimSort.reverseRange([Ljava/lang/Object;II)V @ 20
Event: 310.191 Thread 0x000000001ae1e000 Uncommon trap: reason=array_check action=maybe_recompile pc=0x00000000051acf98 method=java.util.TimSort.mergeLo(IIII)V @ 81
Event: 310.197 Thread 0x000000001ae13800 Uncommon trap: reason=class_check action=maybe_recompile pc=0x0000000004f3b1e4 method=com.android.tools.r8.s.a.h.e.b(Lcom/android/tools/r8/s/b/k0;)V @ 209
Event: 310.201 Thread 0x000000001ae1e800 Uncommon trap: reason=array_check action=maybe_recompile pc=0x0000000005b6a858 method=java.util.TimSort.reverseRange([Ljava/lang/Object;II)V @ 20
Event: 310.206 Thread 0x0000000029900800 Uncommon trap: reason=array_check action=maybe_recompile pc=0x0000000005b6a858 method=java.util.TimSort.reverseRange([Ljava/lang/Object;II)V @ 20
Event: 310.297 Thread 0x000000002a73c000 Uncommon trap: reason=speculate_class_check action=maybe_recompile pc=0x000000000586ba6c method=com.android.tools.r8.graph.k.equals(Ljava/lang/Object;)Z @ 7
Event: 310.300 Thread 0x000000002a736000 Uncommon trap: reason=speculate_class_check action=maybe_recompile pc=0x000000000586ba6c method=com.android.tools.r8.graph.k.equals(Ljava/lang/Object;)Z @ 7
Event: 330.585 Thread 0x000000002a740000 Uncommon trap: reason=unstable_if action=reinterpret pc=0x0000000004756704 method=java.util.concurrent.ConcurrentHashMap.replaceNode(Ljava/lang/Object;Ljava/lang/Object;Ljava/lang/Object;)Ljava/lang/Object; @ 99

Classes redefined (0 events):
No events

Internal exceptions (10 events):
Event: 310.227 Thread 0x000000001ae13800 Exception <a 'sun/nio/fs/WindowsException'> (0x00000000dc891b50) thrown at [C:\src\AOSP-openjdk-git\hotspot\src\share\vm\prims\jni.cpp, line 710]
Event: 310.228 Thread 0x000000001ae13800 Exception <a 'sun/nio/fs/WindowsException'> (0x00000000dc97fd40) thrown at [C:\src\AOSP-openjdk-git\hotspot\src\share\vm\prims\jni.cpp, line 710]
Event: 310.229 Thread 0x000000001ae13800 Exception <a 'sun/nio/fs/WindowsException'> (0x00000000dc987f88) thrown at [C:\src\AOSP-openjdk-git\hotspot\src\share\vm\prims\jni.cpp, line 710]
Event: 310.230 Thread 0x000000001ae13800 Exception <a 'sun/nio/fs/WindowsException'> (0x00000000dca50780) thrown at [C:\src\AOSP-openjdk-git\hotspot\src\share\vm\prims\jni.cpp, line 710]
Event: 310.231 Thread 0x000000001ae13800 Exception <a 'sun/nio/fs/WindowsException'> (0x00000000dca58620) thrown at [C:\src\AOSP-openjdk-git\hotspot\src\share\vm\prims\jni.cpp, line 710]
Event: 310.278 Thread 0x000000001ae21000 Exception <a 'sun/nio/fs/WindowsException'> (0x00000000dcc13e38) thrown at [C:\src\AOSP-openjdk-git\hotspot\src\share\vm\prims\jni.cpp, line 710]
Event: 310.397 Thread 0x000000002a73a000 Exception <a 'sun/nio/fs/WindowsException'> (0x00000000de1361d0) thrown at [C:\src\AOSP-openjdk-git\hotspot\src\share\vm\prims\jni.cpp, line 710]
Event: 330.492 Thread 0x00000000201d9000 Exception <a 'sun/nio/fs/WindowsException'> (0x00000000e0671060) thrown at [C:\src\AOSP-openjdk-git\hotspot\src\share\vm\prims\jni.cpp, line 710]
Event: 330.864 Thread 0x000000001ae1a000 Exception <a 'sun/nio/fs/WindowsException'> (0x00000000e4c58e78) thrown at [C:\src\AOSP-openjdk-git\hotspot\src\share\vm\prims\jni.cpp, line 710]
Event: 330.864 Thread 0x000000001ae1a000 Exception <a 'sun/nio/fs/WindowsException'> (0x00000000e4c59ba8) thrown at [C:\src\AOSP-openjdk-git\hotspot\src\share\vm\prims\jni.cpp, line 710]

Events (10 events):
Event: 330.740 Executing VM operation: RevokeBias done
Event: 330.741 Thread 0x000000001ae1e000 Thread added: 0x000000001ae1e000
Event: 330.792 Executing VM operation: RevokeBias
Event: 330.792 Executing VM operation: RevokeBias done
Event: 330.805 Thread 0x000000001ae13800 DEOPT PACKING pc=0x0000000003e54163 sp=0x000000002c73df90
Event: 330.806 Thread 0x000000001ae13800 DEOPT UNPACKING pc=0x00000000029575d0 sp=0x000000002c73dcf0 mode 0
Event: 330.832 Thread 0x000000001ae13800 DEOPT PACKING pc=0x000000000381f0a5 sp=0x000000002c73d9f0
Event: 330.832 Thread 0x000000001ae13800 DEOPT UNPACKING pc=0x00000000029575d0 sp=0x000000002c73d758 mode 0
Event: 331.074 Thread 0x000000001ae20000 Thread added: 0x000000001ae20000
Event: 331.074 Thread 0x000000001ae21000 Thread added: 0x000000001ae21000


Dynamic libraries:
0x00007ff61da80000 - 0x00007ff61dab1000 	C:\Program Files\Android\Android Studio\jre\bin\java.exe
0x00007ffe83f40000 - 0x00007ffe84130000 	C:\WINDOWS\SYSTEM32\ntdll.dll
0x00007ffe82d90000 - 0x00007ffe82e42000 	C:\WINDOWS\System32\KERNEL32.DLL
0x00007ffe81d40000 - 0x00007ffe81fe5000 	C:\WINDOWS\System32\KERNELBASE.dll
0x00007ffe83700000 - 0x00007ffe837a3000 	C:\WINDOWS\System32\ADVAPI32.dll
0x00007ffe83510000 - 0x00007ffe835ae000 	C:\WINDOWS\System32\msvcrt.dll
0x00007ffe83270000 - 0x00007ffe83307000 	C:\WINDOWS\System32\sechost.dll
0x00007ffe82c70000 - 0x00007ffe82d90000 	C:\WINDOWS\System32\RPCRT4.dll
0x00007ffe82e50000 - 0x00007ffe82fe4000 	C:\WINDOWS\System32\USER32.dll
0x00007ffe81890000 - 0x00007ffe818b1000 	C:\WINDOWS\System32\win32u.dll
0x00007ffe82490000 - 0x00007ffe824b6000 	C:\WINDOWS\System32\GDI32.dll
0x00007ffe81640000 - 0x00007ffe817d6000 	C:\WINDOWS\System32\gdi32full.dll
0x00007ffe81c50000 - 0x00007ffe81cee000 	C:\WINDOWS\System32\msvcp_win.dll
0x00007ffe818f0000 - 0x00007ffe819ea000 	C:\WINDOWS\System32\ucrtbase.dll
0x00007ffe731b0000 - 0x00007ffe73434000 	C:\WINDOWS\WinSxS\amd64_microsoft.windows.common-controls_6595b64144ccf1df_6.0.18362.1256_none_9e7e379be45e40e2\COMCTL32.dll
0x00007ffe837b0000 - 0x00007ffe83ae6000 	C:\WINDOWS\System32\combase.dll
0x00007ffe81800000 - 0x00007ffe81881000 	C:\WINDOWS\System32\bcryptPrimitives.dll
0x00007ffe81ff0000 - 0x00007ffe8201e000 	C:\WINDOWS\System32\IMM32.DLL
0x0000000063cf0000 - 0x0000000063dc2000 	C:\Program Files\Android\Android Studio\jre\jre\bin\msvcr100.dll
0x000000005ff80000 - 0x00000000607cb000 	C:\Program Files\Android\Android Studio\jre\jre\bin\server\jvm.dll
0x00007ffe82c60000 - 0x00007ffe82c68000 	C:\WINDOWS\System32\PSAPI.DLL
0x00007ffe72ea0000 - 0x00007ffe72ea9000 	C:\WINDOWS\SYSTEM32\WSOCK32.dll
0x00007ffe7eb10000 - 0x00007ffe7eb34000 	C:\WINDOWS\SYSTEM32\WINMM.dll
0x00007ffe83370000 - 0x00007ffe833df000 	C:\WINDOWS\System32\WS2_32.dll
0x00007ffe792f0000 - 0x00007ffe792fa000 	C:\WINDOWS\SYSTEM32\VERSION.dll
0x00007ffe7eae0000 - 0x00007ffe7eb0d000 	C:\WINDOWS\SYSTEM32\winmmbase.dll
0x00007ffe81cf0000 - 0x00007ffe81d3a000 	C:\WINDOWS\System32\cfgmgr32.dll
0x00007ffe709b0000 - 0x00007ffe709bf000 	C:\Program Files\Android\Android Studio\jre\jre\bin\verify.dll
0x00007ffe6f240000 - 0x00007ffe6f269000 	C:\Program Files\Android\Android Studio\jre\jre\bin\java.dll
0x00007ffe6ffd0000 - 0x00007ffe6ffe6000 	C:\Program Files\Android\Android Studio\jre\jre\bin\zip.dll
0x00007ffe82570000 - 0x00007ffe82c57000 	C:\WINDOWS\System32\SHELL32.dll
0x00007ffe824c0000 - 0x00007ffe82569000 	C:\WINDOWS\System32\shcore.dll
0x00007ffe80eb0000 - 0x00007ffe81631000 	C:\WINDOWS\System32\windows.storage.dll
0x00007ffe80e60000 - 0x00007ffe80e83000 	C:\WINDOWS\System32\profapi.dll
0x00007ffe80df0000 - 0x00007ffe80e3a000 	C:\WINDOWS\System32\powrprof.dll
0x00007ffe80de0000 - 0x00007ffe80df0000 	C:\WINDOWS\System32\UMPDC.dll
0x00007ffe83e20000 - 0x00007ffe83e72000 	C:\WINDOWS\System32\shlwapi.dll
0x00007ffe80e40000 - 0x00007ffe80e51000 	C:\WINDOWS\System32\kernel.appcore.dll
0x00007ffe817e0000 - 0x00007ffe817f7000 	C:\WINDOWS\System32\cryptsp.dll
0x00007ffe6dfb0000 - 0x00007ffe6dfca000 	C:\Program Files\Android\Android Studio\jre\jre\bin\net.dll
0x00007ffe80630000 - 0x00007ffe80697000 	C:\WINDOWS\system32\mswsock.dll
0x00007ffe6cb30000 - 0x00007ffe6cb43000 	C:\Program Files\Android\Android Studio\jre\jre\bin\nio.dll
0x00007ffe6b950000 - 0x00007ffe6b977000 	C:\Users\e.raggl\.gradle\native\f6784746aeab05261644944871eae4fe03e0ef1612fff0a4a95f87b438bc6780\windows-amd64\native-platform.dll
0x00007ffe6f2e0000 - 0x00007ffe6f2ed000 	C:\Program Files\Android\Android Studio\jre\jre\bin\management.dll
0x00007ffe801a0000 - 0x00007ffe801d3000 	C:\WINDOWS\system32\rsaenh.dll
0x00007ffe818c0000 - 0x00007ffe818e6000 	C:\WINDOWS\System32\bcrypt.dll
0x00007ffe80d00000 - 0x00007ffe80d25000 	C:\WINDOWS\SYSTEM32\USERENV.dll
0x00007ffe80800000 - 0x00007ffe8080c000 	C:\WINDOWS\SYSTEM32\CRYPTBASE.dll
0x00007ffe80340000 - 0x00007ffe8037a000 	C:\WINDOWS\SYSTEM32\IPHLPAPI.DLL
0x00007ffe83c60000 - 0x00007ffe83c68000 	C:\WINDOWS\System32\NSI.dll
0x00007ffe7cce0000 - 0x00007ffe7ccf6000 	C:\WINDOWS\SYSTEM32\dhcpcsvc6.DLL
0x00007ffe7cc80000 - 0x00007ffe7cc9c000 	C:\WINDOWS\SYSTEM32\dhcpcsvc.DLL
0x00007ffe80380000 - 0x00007ffe8044b000 	C:\WINDOWS\SYSTEM32\DNSAPI.dll
0x00007ffe7cf30000 - 0x00007ffe7cf3b000 	C:\WINDOWS\SYSTEM32\WINNSI.DLL

VM Arguments:
jvm_args: -Xmx2048m -Dfile.encoding=UTF-8 -Duser.country=DE -Duser.language=de -Duser.variant 
java_command: org.gradle.launcher.daemon.bootstrap.GradleDaemon 6.5
java_class_path (initial): C:\Users\e.raggl\.gradle\wrapper\dists\gradle-6.5-bin\6nifqtx7604sqp1q6g8wikw7p\gradle-6.5\lib\gradle-launcher-6.5.jar
Launcher Type: SUN_STANDARD

Environment Variables:
JAVA_HOME=C:\Program Files\Java\jdk-10.0.2
CLASSPATH=C:\e.raggl\Projekte\KIS\kis\web\WEB-INF\lib;C:\Program Files\Java\jdk-10.0.2\lib;C:\Program Files\Apache Software Foundation\apache-tomcat-7.0.59\lib;
PATH=c:\oragle\product\11.2.0\client_1\bin;C:\Program Files (x86)\Common Files\Oracle\Java\javapath;C:\ProgramData\Oracle\Java\javapath;C:\WINDOWS\system32;C:\WINDOWS;C:\WINDOWS\System32\Wbem;C:\WINDOWS\System32\WindowsPowerShell\v1.0\;C:\Program Files\Java\jdk1.8.0_151\bin;C:\Program Files\Git\cmd;C:\Program Files (x86)\Microsoft SQL Server\Client SDK\ODBC\130\Tools\Binn\;C:\Program Files (x86)\Microsoft SQL Server\140\Tools\Binn\;C:\Program Files (x86)\Microsoft SQL Server\140\DTS\Binn\;C:\Program Files (x86)\Microsoft SQL Server\140\Tools\Binn\ManagementStudio\;C:\Program Files (x86)\ATI Technologies\ATI.ACE\Core-Static;C:\Program Files (x86)\AOMEI Backupper;C:\Program Files (x86)\openFT\bin;C:\Program Files\PuTTY\;C:\WINDOWS\System32\OpenSSH\;C:\medavis\dll;C:\Python27\;C:\Program Files\SQL Anywhere 17\bin64;C:\Program Files\SQL Anywhere 17\bin32;C:\Program Files\nodejs\;C:\e.raggl\Projekte\KIS\kis\web\WEB-INF\lib;C:\Program Files\dotnet\;C:\Program Files\Microsoft SQL Server\130\Tools\Binn\;C:\Program Files (x86)\2TIFF;C:\Program Files\Java\jdk-10.0.2;C:\Users\e.raggl\AppData\Local\Microsoft\WindowsApps;C:\Users\e.raggl\AppData\Local\Microsoft\WindowsApps;C:\Users\e.raggl\AppData\Roaming\npm;C:\Users\e.raggl\AppData\Local\Programs\Microsoft VS Code\bin;C:\Program Files\NetBeans 8.1\extide\ant\bin;C:\Program Files\Apache Software Foundation\apache-tomcat-7.0.59\lib;C:\Users\e.raggl\.dotnet\tools
USERNAME=E.Raggl
OS=Windows_NT
PROCESSOR_IDENTIFIER=Intel64 Family 6 Model 94 Stepping 3, GenuineIntel



---------------  S Y S T E M  ---------------

OS: Windows 10.0 , 64 bit Build 18362 (10.0.18362.1110)

CPU:total 8 (initial active 8) (4 cores per cpu, 2 threads per core) family 6 model 94 stepping 3, cmov, cx8, fxsr, mmx, sse, sse2, sse3, ssse3, sse4.1, sse4.2, popcnt, avx, avx2, aes, clmul, erms, rtm, 3dnowpref, lzcnt, ht, tsc, tscinvbit, bmi1, bmi2, adx

Memory: 4k page, physical 25084508k(3506832k free), swap 56137136k(10728k free)

vm_info: OpenJDK 64-Bit Server VM (25.242-b01) for windows-amd64 JRE (1.8.0_242-release-1644-b01), built by "builder" with MS VC++ 10.0 (VS2010)

time: Fri Jan 15 11:06:56 2021
timezone: Mitteleuropäische Zeit
elapsed time: 331 seconds (0d 0h 5m 31s)

